<?xml version="1.0" encoding="UTF-8"?>
<!-- Generated by org.testng.reporters.JUnitReportReporter -->
<testsuite hostname="SaiRamani" failures="0" tests="1" name="DataDriven.ReadExcel" time="0.858" errors="0" timestamp="2024-05-17T12:25:48 IST" skipped="0">
  <testcase classname="DataDriven.ReadExcel" name="ExcelRead" time="0.858"/>
  <system-out/>
</testsuite> <!-- DataDriven.ReadExcel -->
