<?xml version="1.0" encoding="UTF-8"?>
<!-- Generated by org.testng.reporters.JUnitReportReporter -->
<testsuite hostname="SaiRamani" failures="0" tests="1" name="PageObjects.PF2" time="9.271" errors="0" timestamp="2024-05-25T17:14:21 IST" skipped="0">
  <testcase classname="PageObjects.PF2" name="login" time="9.271"/>
  <system-out/>
</testsuite> <!-- PageObjects.PF2 -->
