<?xml version="1.0" encoding="UTF-8"?>
<!-- Generated by org.testng.reporters.JUnitReportReporter -->
<testsuite hostname="SaiRamani" failures="0" tests="7" name="Automation.April.DependsandInvocation" time="0.027" errors="0" timestamp="2024-05-03T12:56:54 IST" skipped="0">
  <testcase classname="Automation.April.DependsandInvocation" name="launch" time="0.002"/>
  <system-out/>
  <testcase classname="Automation.April.DependsandInvocation" name="launch" time="0.009"/>
  <system-out/>
  <testcase classname="Automation.April.DependsandInvocation" name="launch" time="0.002"/>
  <system-out/>
  <testcase classname="Automation.April.DependsandInvocation" name="login" time="0.005"/>
  <system-out/>
  <testcase classname="Automation.April.DependsandInvocation" name="login" time="0.002"/>
  <system-out/>
  <testcase classname="Automation.April.DependsandInvocation" name="login" time="0.003"/>
  <system-out/>
  <testcase classname="Automation.April.DependsandInvocation" name="logout" time="0.004"/>
  <system-out/>
</testsuite> <!-- Automation.April.DependsandInvocation -->
