<?xml version="1.0" encoding="UTF-8"?>
<!-- Generated by org.testng.reporters.JUnitReportReporter -->
<testsuite hostname="SaiRamani" failures="0" tests="1" name="Driven.Logintc_1" time="19.813" errors="0" timestamp="2024-05-23T17:59:24 IST" skipped="0">
  <testcase classname="Driven.Logintc_1" name="Login" time="19.813"/>
  <system-out/>
</testsuite> <!-- Driven.Logintc_1 -->
