<?xml version="1.0" encoding="UTF-8"?>
<!-- Generated by org.testng.reporters.JUnitReportReporter -->
<testsuite hostname="SaiRamani" failures="0" tests="5" name="Automation.April.Grouping" time="0.018" errors="0" timestamp="2024-05-27T11:39:25 IST" skipped="0">
  <testcase classname="Automation.April.Grouping" name="addproduct" time="0.009"/>
  <system-out/>
  <testcase classname="Automation.April.Grouping" name="search" time="0.003"/>
  <system-out/>
  <testcase classname="Automation.April.Grouping" name="launch" time="0.001"/>
  <system-out/>
  <testcase classname="Automation.April.Grouping" name="login" time="0.003"/>
  <system-out/>
  <testcase classname="Automation.April.Grouping" name="logout" time="0.002"/>
  <system-out/>
</testsuite> <!-- Automation.April.Grouping -->
