<?xml version="1.0" encoding="UTF-8"?>
<!-- Generated by org.testng.reporters.JUnitReportReporter -->
<testsuite hostname="SaiRamani" failures="0" tests="1" name="DataDriven.WriteExcel" time="0.936" errors="0" timestamp="2024-05-17T12:26:19 IST" skipped="0">
  <testcase classname="DataDriven.WriteExcel" name="ExcelWrite" time="0.936"/>
  <system-out/>
</testsuite> <!-- DataDriven.WriteExcel -->
