<?xml version="1.0" encoding="UTF-8"?>
<!-- Generated by org.testng.reporters.JUnitReportReporter -->
<testsuite hostname="SaiRamani" failures="0" tests="2" name="Automation.April.AnnotationsExecution" time="0.048" errors="0" timestamp="2024-05-08T12:16:23 IST" skipped="0">
  <testcase classname="Automation.April.AnnotationsExecution" name="method9" time="0.041"/>
  <system-out/>
  <testcase classname="Automation.April.AnnotationsExecution" name="method10" time="0.007"/>
  <system-out/>
</testsuite> <!-- Automation.April.AnnotationsExecution -->
