<?xml version="1.0" encoding="UTF-8"?>
<!-- Generated by org.testng.reporters.JUnitReportReporter -->
<testsuite hostname="SaiRamani" failures="0" tests="3" name="Automation.April.Launch" time="6.410" errors="0" timestamp="2024-04-29T13:12:06 IST" skipped="0">
  <testcase classname="Automation.April.Launch" name="launch" time="6.391"/>
  <system-out/>
  <testcase classname="Automation.April.Launch" name="search" time="0.015"/>
  <system-out/>
  <testcase classname="Automation.April.Launch" name="addproduct" time="0.004"/>
  <system-out/>
</testsuite> <!-- Automation.April.Launch -->
