<?xml version="1.0" encoding="UTF-8"?>
<!-- Generated by org.testng.reporters.JUnitReportReporter -->
<testsuite hostname="SaiRamani" failures="0" tests="2" name="Automation.April.Execution" time="0.015" errors="0" timestamp="2024-04-26T12:08:20 IST" skipped="0">
  <testcase classname="Automation.April.Execution" name="method9" time="0.009"/>
  <system-out/>
  <testcase classname="Automation.April.Execution" name="method10" time="0.006"/>
  <system-out/>
</testsuite> <!-- Automation.April.Execution -->
