<?xml version="1.0" encoding="UTF-8"?>
<!-- Generated by org.testng.reporters.JUnitReportReporter -->
<testsuite hostname="SaiRamani" failures="0" tests="1" name="App1testCase.TC_001_Registartion" time="11.698" errors="0" timestamp="2024-05-29T23:48:59 IST" skipped="0">
  <testcase classname="App1testCase.TC_001_Registartion" name="CreateAccount" time="11.698"/>
  <system-out/>
</testsuite> <!-- App1testCase.TC_001_Registartion -->
