<?xml version="1.0" encoding="UTF-8"?>
<!-- Generated by org.testng.reporters.JUnitReportReporter -->
<testsuite hostname="SaiRamani" failures="0" tests="1" name="DataDriven.ClientExcel" time="0.861" errors="0" timestamp="2024-05-17T12:29:06 IST" skipped="0">
  <testcase classname="DataDriven.ClientExcel" name="ExcelRead" time="0.861"/>
  <system-out/>
</testsuite> <!-- DataDriven.ClientExcel -->
