<?xml version="1.0" encoding="UTF-8"?>
<!-- Generated by org.testng.reporters.JUnitReportReporter -->
<testsuite hostname="SaiRamani" failures="0" tests="1" name="DataDrivenTestng.TC_01_Login" time="0.000" errors="0" timestamp="2024-05-23T18:32:59 IST" skipped="1">
  <testcase classname="DataDrivenTestng.TC_01_Login" name="Login" time="0.000">
    <skipped/>
  </testcase> <!-- Login -->
  <system-out/>
</testsuite> <!-- DataDrivenTestng.TC_01_Login -->
