<?xml version="1.0" encoding="UTF-8"?>
<!-- Generated by org.testng.reporters.JUnitReportReporter -->
<testsuite hostname="SaiRamani" failures="0" tests="2" name="TestCaseExecution.Tc_Login_1" time="1.418" errors="0" timestamp="2024-05-15T10:46:32 IST" skipped="0">
  <testcase classname="TestCaseExecution.Tc_Login_1" name="launch" time="0.776"/>
  <system-out/>
  <testcase classname="TestCaseExecution.Tc_Login_1" name="login" time="0.642"/>
  <system-out/>
</testsuite> <!-- TestCaseExecution.Tc_Login_1 -->
